<?xml version="1.0" encoding="UTF-8"?>
<!-- Generated by org.testng.reporters.JUnitXMLReporter -->
<testsuite ignored="0" hostname="DESKTOP-J1E68OA" failures="0" tests="9" name="Register Page Sucess Test Cases" time="34.419" errors="0" timestamp="2023-05-10T22:01:01 IST">
  <testcase classname="TestLayer.RegisterPageTest" name="validateRegisterFunctionality" time="6.282"/>
  <testcase classname="TestLayer.RegisterSucessTest" name="abc" time="0.019"/>
  <testcase classname="TestLayer.RegisterSucessTest" name="pqr" time="0.003"/>
  <testcase classname="TestLayer.RegisterSucessTest" name="pqr1" time="0.004"/>
  <testcase classname="TestLayer.RegisterSucessTest" name="xyz" time="0.007"/>
  <testcase classname="TestLayer.RegisterSucessTest" name="validateSucessPageUrl" time="0.021"/>
  <testcase classname="TestLayer.RegisterSucessTest" name="validateFirstName" time="0.057"/>
  <testcase classname="TestLayer.RegisterSucessTest" name="validateLastName" time="0.124"/>
  <testcase classname="TestLayer.RegisterSucessTest" name="validateEmailId" time="0.118"/>
</testsuite> <!-- Register Page Sucess Test Cases -->
