<?xml version="1.0" encoding="UTF-8"?>
<!-- Generated by org.testng.reporters.JUnitXMLReporter -->
<testsuite ignored="0" hostname="DESKTOP-4G6V73A" failures="0" tests="5" name="Register Page Sucess Test Cases" time="25.203" errors="0" timestamp="2023-01-12T19:28:22 IST">
  <testcase classname="TestLayer.RegisterPageTest" name="validateRegisterFunctionality" time="3.945"/>
  <testcase classname="TestLayer.RegisterSucessTest" name="validateSucessPageUrl" time="0.012"/>
  <testcase classname="TestLayer.RegisterSucessTest" name="validateFirstName" time="0.031"/>
  <testcase classname="TestLayer.RegisterSucessTest" name="validateLastName" time="0.026"/>
  <testcase classname="TestLayer.RegisterSucessTest" name="validateEmailId" time="0.032"/>
</testsuite> <!-- Register Page Sucess Test Cases -->
