<?xml version="1.0" encoding="UTF-8"?>
<testng-results ignored="0" total="5" passed="5" failed="0" skipped="0">
  <reporter-output>
  </reporter-output>
  <suite started-at="2023-01-16T20:40:50 IST" name="Guru 99 Application" finished-at="2023-01-16T20:41:07 IST" duration-ms="16950">
    <groups>
      <group name="RegisterSucess">
        <method signature="RegisterSucessTest.validateEmailId()[pri:4, instance:TestLayer.RegisterSucessTest@d6e7bab]" name="validateEmailId" class="TestLayer.RegisterSucessTest"/>
        <method signature="RegisterSucessTest.validateFirstName()[pri:2, instance:TestLayer.RegisterSucessTest@d6e7bab]" name="validateFirstName" class="TestLayer.RegisterSucessTest"/>
        <method signature="RegisterSucessTest.validateLastName()[pri:3, instance:TestLayer.RegisterSucessTest@d6e7bab]" name="validateLastName" class="TestLayer.RegisterSucessTest"/>
        <method signature="RegisterSucessTest.validateSucessPageUrl()[pri:1, instance:TestLayer.RegisterSucessTest@d6e7bab]" name="validateSucessPageUrl" class="TestLayer.RegisterSucessTest"/>
      </group> <!-- RegisterSucess -->
      <group name="RegisterPage">
        <method signature="RegisterPageTest.validateRegisterFunctionality()[pri:0, instance:TestLayer.RegisterPageTest@1bb266b3]" name="validateRegisterFunctionality" class="TestLayer.RegisterPageTest"/>
      </group> <!-- RegisterPage -->
    </groups>
    <test started-at="2023-01-16T20:40:50 IST" name="Register Page Sucess Test Cases" finished-at="2023-01-16T20:41:07 IST" duration-ms="16950">
      <class name="TestLayer.RegisterSucessTest">
        <test-method signature="validateSucessPageUrl()[pri:1, instance:TestLayer.RegisterSucessTest@d6e7bab]" started-at="2023-01-16T20:41:03 IST" name="validateSucessPageUrl" depends-on-groups="RegisterPage" finished-at="2023-01-16T20:41:03 IST" duration-ms="16" status="PASS">
          <reporter-output>
          </reporter-output>
        </test-method> <!-- validateSucessPageUrl -->
        <test-method signature="validateFirstName()[pri:2, instance:TestLayer.RegisterSucessTest@d6e7bab]" started-at="2023-01-16T20:41:04 IST" name="validateFirstName" depends-on-groups="RegisterPage" finished-at="2023-01-16T20:41:04 IST" duration-ms="79" status="PASS">
          <reporter-output>
          </reporter-output>
        </test-method> <!-- validateFirstName -->
        <test-method signature="validateLastName()[pri:3, instance:TestLayer.RegisterSucessTest@d6e7bab]" started-at="2023-01-16T20:41:05 IST" name="validateLastName" depends-on-groups="RegisterPage" finished-at="2023-01-16T20:41:05 IST" duration-ms="21" status="PASS">
          <reporter-output>
          </reporter-output>
        </test-method> <!-- validateLastName -->
        <test-method signature="validateEmailId()[pri:4, instance:TestLayer.RegisterSucessTest@d6e7bab]" started-at="2023-01-16T20:41:06 IST" name="validateEmailId" depends-on-groups="RegisterPage" finished-at="2023-01-16T20:41:06 IST" duration-ms="39" status="PASS">
          <reporter-output>
          </reporter-output>
        </test-method> <!-- validateEmailId -->
      </class> <!-- TestLayer.RegisterSucessTest -->
      <class name="TestLayer.RegisterPageTest">
        <test-method is-config="true" signature="setUp(java.lang.String)[pri:0, instance:TestLayer.RegisterPageTest@1bb266b3]" started-at="2023-01-16T20:40:50 IST" name="setUp" finished-at="2023-01-16T20:40:57 IST" duration-ms="6905" status="PASS">
          <params>
            <param index="0">
              <value>
                <![CDATA[chrome]]>
              </value>
            </param>
          </params>
          <reporter-output>
          </reporter-output>
        </test-method> <!-- setUp -->
        <test-method signature="validateRegisterFunctionality()[pri:0, instance:TestLayer.RegisterPageTest@1bb266b3]" started-at="2023-01-16T20:40:57 IST" name="validateRegisterFunctionality" finished-at="2023-01-16T20:41:02 IST" duration-ms="4900" status="PASS">
          <reporter-output>
          </reporter-output>
        </test-method> <!-- validateRegisterFunctionality -->
        <test-method is-config="true" signature="tearDown()[pri:0, instance:TestLayer.RegisterPageTest@1bb266b3]" started-at="2023-01-16T20:41:07 IST" name="tearDown" finished-at="2023-01-16T20:41:07 IST" duration-ms="1" status="PASS">
          <reporter-output>
          </reporter-output>
        </test-method> <!-- tearDown -->
      </class> <!-- TestLayer.RegisterPageTest -->
    </test> <!-- Register Page Sucess Test Cases -->
  </suite> <!-- Guru 99 Application -->
</testng-results>
