<?xml version="1.0" encoding="UTF-8"?>
<testng-results ignored="0" total="0" passed="0" failed="0" skipped="0">
  <reporter-output>
  </reporter-output>
  <suite started-at="2023-01-19T19:42:04 IST" name="Guru 99 Application" finished-at="2023-01-19T19:42:04 IST" duration-ms="0">
    <groups>
      <group name="RegisterSucess">
        <method signature="RegisterSucessTest.abc()[pri:0, instance:TestLayer.RegisterSucessTest@8317c52]" name="abc" class="TestLayer.RegisterSucessTest"/>
        <method signature="RegisterSucessTest.validateEmailId()[pri:4, instance:TestLayer.RegisterSucessTest@8317c52]" name="validateEmailId" class="TestLayer.RegisterSucessTest"/>
        <method signature="RegisterSucessTest.validateFirstName()[pri:2, instance:TestLayer.RegisterSucessTest@8317c52]" name="validateFirstName" class="TestLayer.RegisterSucessTest"/>
        <method signature="RegisterSucessTest.validateLastName()[pri:3, instance:TestLayer.RegisterSucessTest@8317c52]" name="validateLastName" class="TestLayer.RegisterSucessTest"/>
        <method signature="RegisterSucessTest.validateSucessPageUrl()[pri:1, instance:TestLayer.RegisterSucessTest@8317c52]" name="validateSucessPageUrl" class="TestLayer.RegisterSucessTest"/>
        <method signature="RegisterSucessTest.xyz()[pri:0, instance:TestLayer.RegisterSucessTest@8317c52]" name="xyz" class="TestLayer.RegisterSucessTest"/>
      </group> <!-- RegisterSucess -->
      <group name="RegisterPage">
        <method signature="RegisterPageTest.validateRegisterFunctionality()[pri:0, instance:TestLayer.RegisterPageTest@671a5887]" name="validateRegisterFunctionality" class="TestLayer.RegisterPageTest"/>
      </group> <!-- RegisterPage -->
    </groups>
  </suite> <!-- Guru 99 Application -->
</testng-results>
