<?xml version="1.0" encoding="UTF-8"?>
<testsuite xmlns:xsi="http://www.w3.org/2001/XMLSchema-instance" xsi:schemaLocation="https://maven.apache.org/surefire/maven-surefire-plugin/xsd/surefire-test-report.xsd" name="TestSuite" time="21.106" tests="4" errors="0" skipped="0" failures="2">
  <properties>
[...]
</properties>
  <testcase name="validateRegisterFunctionality" classname="TestLayer.RegisterPageTest" time="3.445"/>
  <testcase name="validateSucessPageUrl" classname="TestLayer.RegisterSucessTest" time="0.013"/>
  <testcase name="validateFirstName" classname="TestLayer.RegisterSucessTest" time="0.088">
    <failure message="no such window: target window already closed&#10;from unknown error: web view not found&#10;  (Session info: chrome=108.0.5359.126)&#10;Build info: version: &apos;4.1.0&apos;, revision: &apos;87802e897b&apos;&#10;System info: host: &apos;DESKTOP-4G6V73A&apos;, ip: &apos;192.168.100.2&apos;, os.name: &apos;Windows 10&apos;, os.arch: &apos;amd64&apos;, os.version: &apos;10.0&apos;, java.version: &apos;11.0.15.1&apos;&#10;Driver info: org.openqa.selenium.chrome.ChromeDriver&#10;Command: [7eab2b09de8547d72f9920474d21c1e6, findElement {using=xpath, value=(//b)[3]}]&#10;Capabilities {acceptInsecureCerts: false, browserName: chrome, browserVersion: 108.0.5359.126, chrome: {chromedriverVersion: 107.0.5304.62 (1eec40d3a576..., userDataDir: C:\Users\Win\AppData\Local\...}, goog:chromeOptions: {debuggerAddress: localhost:61564}, javascriptEnabled: true, networkConnectionEnabled: false, pageLoadStrategy: normal, platform: WINDOWS, platformName: WINDOWS, proxy: Proxy(), se:cdp: ws://localhost:61564/devtoo..., se:cdpVersion: 108.0.5359.126, setWindowRect: true, strictFileInteractability: false, timeouts: {implicit: 0, pageLoad: 300000, script: 30000}, unhandledPromptBehavior: dismiss and notify, webauthn:extension:credBlob: true, webauthn:extension:largeBlob: true, webauthn:virtualAuthenticators: true}&#10;Session ID: 7eab2b09de8547d72f9920474d21c1e6" type="org.openqa.selenium.NoSuchWindowException">org.openqa.selenium.NoSuchWindowException: 
no such window: target window already closed
from unknown error: web view not found
  (Session info: chrome=108.0.5359.126)
Build info: version: '4.1.0', revision: '87802e897b'
System info: host: 'DESKTOP-4G6V73A', ip: '192.168.100.2', os.name: 'Windows 10', os.arch: 'amd64', os.version: '10.0', java.version: '11.0.15.1'
Driver info: org.openqa.selenium.chrome.ChromeDriver
Command: [7eab2b09de8547d72f9920474d21c1e6, findElement {using=xpath, value=(//b)[3]}]
Capabilities {acceptInsecureCerts: false, browserName: chrome, browserVersion: 108.0.5359.126, chrome: {chromedriverVersion: 107.0.5304.62 (1eec40d3a576..., userDataDir: C:\Users\Win\AppData\Local\...}, goog:chromeOptions: {debuggerAddress: localhost:61564}, javascriptEnabled: true, networkConnectionEnabled: false, pageLoadStrategy: normal, platform: WINDOWS, platformName: WINDOWS, proxy: Proxy(), se:cdp: ws://localhost:61564/devtoo..., se:cdpVersion: 108.0.5359.126, setWindowRect: true, strictFileInteractability: false, timeouts: {implicit: 0, pageLoad: 300000, script: 30000}, unhandledPromptBehavior: dismiss and notify, webauthn:extension:credBlob: true, webauthn:extension:largeBlob: true, webauthn:virtualAuthenticators: true}
Session ID: 7eab2b09de8547d72f9920474d21c1e6
	at TestLayer.RegisterSucessTest.validateFirstName(RegisterSucessTest.java:22)
</failure>
  </testcase>
  <testcase name="validateFirstName" classname="TestLayer.RegisterSucessTest" time="0.101">
    <failure message="no such window: target window already closed&#10;from unknown error: web view not found&#10;  (Session info: chrome=108.0.5359.126)&#10;Build info: version: &apos;4.1.0&apos;, revision: &apos;87802e897b&apos;&#10;System info: host: &apos;DESKTOP-4G6V73A&apos;, ip: &apos;192.168.100.2&apos;, os.name: &apos;Windows 10&apos;, os.arch: &apos;amd64&apos;, os.version: &apos;10.0&apos;, java.version: &apos;11.0.15.1&apos;&#10;Driver info: org.openqa.selenium.chrome.ChromeDriver&#10;Command: [7eab2b09de8547d72f9920474d21c1e6, screenshot {}]&#10;Capabilities {acceptInsecureCerts: false, browserName: chrome, browserVersion: 108.0.5359.126, chrome: {chromedriverVersion: 107.0.5304.62 (1eec40d3a576..., userDataDir: C:\Users\Win\AppData\Local\...}, goog:chromeOptions: {debuggerAddress: localhost:61564}, javascriptEnabled: true, networkConnectionEnabled: false, pageLoadStrategy: normal, platform: WINDOWS, platformName: WINDOWS, proxy: Proxy(), se:cdp: ws://localhost:61564/devtoo..., se:cdpVersion: 108.0.5359.126, setWindowRect: true, strictFileInteractability: false, timeouts: {implicit: 0, pageLoad: 300000, script: 30000}, unhandledPromptBehavior: dismiss and notify, webauthn:extension:credBlob: true, webauthn:extension:largeBlob: true, webauthn:virtualAuthenticators: true}&#10;Session ID: 7eab2b09de8547d72f9920474d21c1e6" type="org.openqa.selenium.NoSuchWindowException">org.openqa.selenium.NoSuchWindowException: 
no such window: target window already closed
from unknown error: web view not found
  (Session info: chrome=108.0.5359.126)
Build info: version: '4.1.0', revision: '87802e897b'
System info: host: 'DESKTOP-4G6V73A', ip: '192.168.100.2', os.name: 'Windows 10', os.arch: 'amd64', os.version: '10.0', java.version: '11.0.15.1'
Driver info: org.openqa.selenium.chrome.ChromeDriver
Command: [7eab2b09de8547d72f9920474d21c1e6, screenshot {}]
Capabilities {acceptInsecureCerts: false, browserName: chrome, browserVersion: 108.0.5359.126, chrome: {chromedriverVersion: 107.0.5304.62 (1eec40d3a576..., userDataDir: C:\Users\Win\AppData\Local\...}, goog:chromeOptions: {debuggerAddress: localhost:61564}, javascriptEnabled: true, networkConnectionEnabled: false, pageLoadStrategy: normal, platform: WINDOWS, platformName: WINDOWS, proxy: Proxy(), se:cdp: ws://localhost:61564/devtoo..., se:cdpVersion: 108.0.5359.126, setWindowRect: true, strictFileInteractability: false, timeouts: {implicit: 0, pageLoad: 300000, script: 30000}, unhandledPromptBehavior: dismiss and notify, webauthn:extension:credBlob: true, webauthn:extension:largeBlob: true, webauthn:virtualAuthenticators: true}
Session ID: 7eab2b09de8547d72f9920474d21c1e6
</failure>
  </testcase>
</testsuite>