<?xml version="1.0" encoding="UTF-8"?>
<testng-results ignored="0" total="9" passed="9" failed="0" skipped="0">
  <reporter-output>
  </reporter-output>
  <suite started-at="2023-05-10T22:00:26 IST" name="Guru 99 Application" finished-at="2023-05-10T22:01:01 IST" duration-ms="34419">
    <groups>
      <group name="RegisterSucess">
        <method signature="RegisterSucessTest.abc()[pri:0, instance:TestLayer.RegisterSucessTest@7db12bb6]" name="abc" class="TestLayer.RegisterSucessTest"/>
        <method signature="RegisterSucessTest.pqr()[pri:0, instance:TestLayer.RegisterSucessTest@7db12bb6]" name="pqr" class="TestLayer.RegisterSucessTest"/>
        <method signature="RegisterSucessTest.pqr1()[pri:0, instance:TestLayer.RegisterSucessTest@7db12bb6]" name="pqr1" class="TestLayer.RegisterSucessTest"/>
        <method signature="RegisterSucessTest.validateEmailId()[pri:4, instance:TestLayer.RegisterSucessTest@7db12bb6]" name="validateEmailId" class="TestLayer.RegisterSucessTest"/>
        <method signature="RegisterSucessTest.validateFirstName()[pri:2, instance:TestLayer.RegisterSucessTest@7db12bb6]" name="validateFirstName" class="TestLayer.RegisterSucessTest"/>
        <method signature="RegisterSucessTest.validateLastName()[pri:3, instance:TestLayer.RegisterSucessTest@7db12bb6]" name="validateLastName" class="TestLayer.RegisterSucessTest"/>
        <method signature="RegisterSucessTest.validateSucessPageUrl()[pri:1, instance:TestLayer.RegisterSucessTest@7db12bb6]" name="validateSucessPageUrl" class="TestLayer.RegisterSucessTest"/>
        <method signature="RegisterSucessTest.xyz()[pri:0, instance:TestLayer.RegisterSucessTest@7db12bb6]" name="xyz" class="TestLayer.RegisterSucessTest"/>
      </group> <!-- RegisterSucess -->
      <group name="RegisterPage">
        <method signature="RegisterPageTest.validateRegisterFunctionality()[pri:0, instance:TestLayer.RegisterPageTest@4b0d79fc]" name="validateRegisterFunctionality" class="TestLayer.RegisterPageTest"/>
      </group> <!-- RegisterPage -->
    </groups>
    <test started-at="2023-05-10T22:00:26 IST" name="Register Page Sucess Test Cases" finished-at="2023-05-10T22:01:01 IST" duration-ms="34419">
      <class name="TestLayer.RegisterSucessTest">
        <test-method signature="abc()[pri:0, instance:TestLayer.RegisterSucessTest@7db12bb6]" started-at="2023-05-10T22:00:58 IST" name="abc" depends-on-groups="RegisterPage" finished-at="2023-05-10T22:00:58 IST" duration-ms="19" status="PASS">
          <reporter-output>
          </reporter-output>
        </test-method> <!-- abc -->
        <test-method signature="pqr()[pri:0, instance:TestLayer.RegisterSucessTest@7db12bb6]" started-at="2023-05-10T22:00:59 IST" name="pqr" depends-on-groups="RegisterPage" finished-at="2023-05-10T22:00:59 IST" duration-ms="3" status="PASS">
          <reporter-output>
          </reporter-output>
        </test-method> <!-- pqr -->
        <test-method signature="pqr1()[pri:0, instance:TestLayer.RegisterSucessTest@7db12bb6]" started-at="2023-05-10T22:00:59 IST" name="pqr1" depends-on-groups="RegisterPage" finished-at="2023-05-10T22:00:59 IST" duration-ms="4" status="PASS">
          <reporter-output>
          </reporter-output>
        </test-method> <!-- pqr1 -->
        <test-method signature="xyz()[pri:0, instance:TestLayer.RegisterSucessTest@7db12bb6]" started-at="2023-05-10T22:00:59 IST" name="xyz" depends-on-groups="RegisterPage" finished-at="2023-05-10T22:00:59 IST" duration-ms="7" status="PASS">
          <reporter-output>
          </reporter-output>
        </test-method> <!-- xyz -->
        <test-method signature="validateSucessPageUrl()[pri:1, instance:TestLayer.RegisterSucessTest@7db12bb6]" started-at="2023-05-10T22:00:59 IST" name="validateSucessPageUrl" depends-on-groups="RegisterPage" finished-at="2023-05-10T22:01:00 IST" duration-ms="21" status="PASS">
          <reporter-output>
          </reporter-output>
        </test-method> <!-- validateSucessPageUrl -->
        <test-method signature="validateFirstName()[pri:2, instance:TestLayer.RegisterSucessTest@7db12bb6]" started-at="2023-05-10T22:01:00 IST" name="validateFirstName" depends-on-groups="RegisterPage" finished-at="2023-05-10T22:01:00 IST" duration-ms="57" status="PASS">
          <reporter-output>
          </reporter-output>
        </test-method> <!-- validateFirstName -->
        <test-method signature="validateLastName()[pri:3, instance:TestLayer.RegisterSucessTest@7db12bb6]" started-at="2023-05-10T22:01:00 IST" name="validateLastName" depends-on-groups="RegisterPage" finished-at="2023-05-10T22:01:00 IST" duration-ms="124" status="PASS">
          <reporter-output>
          </reporter-output>
        </test-method> <!-- validateLastName -->
        <test-method signature="validateEmailId()[pri:4, instance:TestLayer.RegisterSucessTest@7db12bb6]" started-at="2023-05-10T22:01:01 IST" name="validateEmailId" depends-on-groups="RegisterPage" finished-at="2023-05-10T22:01:01 IST" duration-ms="118" status="PASS">
          <reporter-output>
          </reporter-output>
        </test-method> <!-- validateEmailId -->
      </class> <!-- TestLayer.RegisterSucessTest -->
      <class name="TestLayer.RegisterPageTest">
        <test-method is-config="true" signature="setUp(java.lang.String)[pri:0, instance:TestLayer.RegisterPageTest@4b0d79fc]" started-at="2023-05-10T22:00:27 IST" name="setUp" finished-at="2023-05-10T22:00:52 IST" duration-ms="24455" status="PASS">
          <params>
            <param index="0">
              <value>
                <![CDATA[firefox]]>
              </value>
            </param>
          </params>
          <reporter-output>
          </reporter-output>
        </test-method> <!-- setUp -->
        <test-method signature="validateRegisterFunctionality()[pri:0, instance:TestLayer.RegisterPageTest@4b0d79fc]" started-at="2023-05-10T22:00:52 IST" name="validateRegisterFunctionality" finished-at="2023-05-10T22:00:58 IST" duration-ms="6282" status="PASS">
          <reporter-output>
          </reporter-output>
        </test-method> <!-- validateRegisterFunctionality -->
        <test-method is-config="true" signature="tearDown()[pri:0, instance:TestLayer.RegisterPageTest@4b0d79fc]" started-at="2023-05-10T22:01:01 IST" name="tearDown" finished-at="2023-05-10T22:01:01 IST" duration-ms="1" status="PASS">
          <reporter-output>
          </reporter-output>
        </test-method> <!-- tearDown -->
      </class> <!-- TestLayer.RegisterPageTest -->
    </test> <!-- Register Page Sucess Test Cases -->
  </suite> <!-- Guru 99 Application -->
</testng-results>
