<?xml version="1.0" encoding="UTF-8"?>
<!-- Generated by org.testng.reporters.JUnitXMLReporter -->
<testsuite ignored="0" hostname="DESKTOP-4G6V73A" failures="0" tests="5" name="Register Page Sucess Test Cases" time="16.95" errors="0" timestamp="2023-01-16T20:41:07 IST">
  <testcase classname="TestLayer.RegisterPageTest" name="validateRegisterFunctionality" time="4.9"/>
  <testcase classname="TestLayer.RegisterSucessTest" name="validateSucessPageUrl" time="0.016"/>
  <testcase classname="TestLayer.RegisterSucessTest" name="validateFirstName" time="0.079"/>
  <testcase classname="TestLayer.RegisterSucessTest" name="validateLastName" time="0.021"/>
  <testcase classname="TestLayer.RegisterSucessTest" name="validateEmailId" time="0.039"/>
</testsuite> <!-- Register Page Sucess Test Cases -->
